[21:39:21] [ServerMain/INFO]: [bootstrap] Running Java 21 (OpenJDK 64-Bit Server VM 21.0.7+6-Ubuntu-0ubuntu120.04; Ubuntu null) on Linux 6.8.0-1027-azure (amd64)
[21:39:21] [ServerMain/INFO]: [bootstrap] Loading Paper 1.21-130-master@b1b5d4c (2024-08-10T10:02:42Z) for Minecraft 1.21
[21:39:21] [ServerMain/INFO]: [PluginInitializerManager] Initializing plugins...
[21:39:22] [ServerMain/INFO]: [PluginInitializerManager] Initialized 5 plugins
[21:39:22] [ServerMain/INFO]: [PluginInitializerManager] Bukkit plugins (5):
 - AuthMe (5.6.0-bCUSTOM), Essentials (2.21.0), Geyser-Spigot (2.4.4-SNAPSHOT), SkinsRestorer (15.6.3), ViaVersion (5.3.2)
[21:39:27] [ServerMain/INFO]: Environment: Environment[sessionHost=https://sessionserver.mojang.com, servicesHost=https://api.minecraftservices.com, name=PROD]
[21:39:29] [ServerMain/INFO]: Loaded 1290 recipes
[21:39:30] [ServerMain/INFO]: Loaded 1399 advancements
[21:39:30] [Server thread/INFO]: Starting minecraft server version 1.21
[21:39:30] [Server thread/INFO]: Loading properties
[21:39:30] [Server thread/INFO]: This server is running Paper version 1.21-130-master@b1b5d4c (2024-08-10T10:02:42Z) (Implementing API version 1.21-R0.1-SNAPSHOT)
[21:39:31] [Server thread/INFO]: [spark] This server bundles the spark profiler. For more information please visit https://docs.papermc.io/paper/profiling
[21:39:31] [Server thread/INFO]: Server Ping Player Sample Count: 12
[21:39:31] [Server thread/INFO]: Using 4 threads for Netty based IO
[21:39:31] [Server thread/INFO]: [ChunkTaskScheduler] Chunk system is using 1 I/O threads, 1 worker threads, and population gen parallelism of 1 threads
[21:39:32] [Server thread/INFO]: Default game type: SURVIVAL
[21:39:32] [Server thread/INFO]: Generating keypair
[21:39:32] [Server thread/INFO]: Starting Minecraft server on *:25565
[21:39:32] [Server thread/INFO]: Using epoll channel type
[21:39:32] [Server thread/INFO]: Paper: Using libdeflate (Linux x86_64) compression from Velocity.
[21:39:32] [Server thread/INFO]: Paper: Using OpenSSL 1.1.x (Linux x86_64) cipher from Velocity.
[21:39:33] [Server thread/INFO]: [ViaVersion] Loading server plugin ViaVersion v5.3.2
[21:39:33] [Server thread/INFO]: [ViaVersion] ViaVersion 5.3.2 is now loaded. Registering protocol transformers and injecting...
[21:39:35] [Via-Mappingloader-0/INFO]: [ViaVersion] Loading block connection mappings ...
[21:39:35] [Via-Mappingloader-0/INFO]: [ViaVersion] Using FastUtil Long2ObjectOpenHashMap for block connections
[21:39:36] [Server thread/INFO]: [Essentials] Loading server plugin Essentials v2.21.0
[21:39:36] [Server thread/INFO]: [SkinsRestorer] Loading server plugin SkinsRestorer v15.6.3
[21:39:36] [Server thread/INFO]: [AuthMe] Loading server plugin AuthMe v5.6.0-bCUSTOM
[21:39:36] [Server thread/INFO]: [Geyser-Spigot] Loading server plugin Geyser-Spigot v2.4.4-SNAPSHOT
[21:39:38] [Server thread/INFO]: [Geyser-Spigot] Loading extensions...
[21:39:38] [Server thread/INFO]: [Geyser-Spigot] Loaded 0 extension(s)
[21:39:38] [Server thread/INFO]: Server permissions file permissions.yml is empty, ignoring it
[21:39:38] [Server thread/INFO]: [SkinsRestorer] Enabling SkinsRestorer v15.6.3
[21:39:40] [Server thread/INFO]: [SkinsRestorer] Running on Minecraft 1.21.0.
[21:39:41] [Server thread/INFO]: [SkinsRestorer] Using paper join listener!
[21:39:41] [Server thread/WARN]: **** SERVER IS RUNNING IN OFFLINE/INSECURE MODE!
[21:39:41] [Server thread/WARN]: The server will make no attempt to authenticate usernames. Beware.
[21:39:41] [Server thread/WARN]: While this makes the game possible to play without internet access, it also opens up the ability for hackers to connect with any username they choose.
[21:39:41] [Server thread/WARN]: To change this, set "online-mode" to "true" in the server.properties file.
[21:39:41] [Server thread/INFO]: Preparing level "world"
[21:39:41] [Folia Async Scheduler Thread #1/INFO]: [SkinsRestorer] ----------------------------------------------
[21:39:41] [Folia Async Scheduler Thread #1/INFO]: [SkinsRestorer]     +==================+
[21:39:41] [Folia Async Scheduler Thread #1/INFO]: [SkinsRestorer]     |   SkinsRestorer  |
[21:39:41] [Folia Async Scheduler Thread #1/INFO]: [SkinsRestorer]     |------------------|
[21:39:41] [Folia Async Scheduler Thread #1/INFO]: [SkinsRestorer]     |  Standalone Mode |
[21:39:41] [Folia Async Scheduler Thread #1/INFO]: [SkinsRestorer]     +==================+
[21:39:41] [Folia Async Scheduler Thread #1/INFO]: [SkinsRestorer] ----------------------------------------------
[21:39:41] [Folia Async Scheduler Thread #1/INFO]: [SkinsRestorer]     Version: 15.6.3
[21:39:41] [Folia Async Scheduler Thread #1/INFO]: [SkinsRestorer]     Commit: 7eb6dc6
[21:39:41] [Folia Async Scheduler Thread #1/INFO]: [SkinsRestorer]     This is the latest version!
[21:39:41] [Folia Async Scheduler Thread #1/INFO]: [SkinsRestorer] ----------------------------------------------
[21:39:41] [Folia Async Scheduler Thread #1/INFO]: [SkinsRestorer] Do you have issues? Read our troubleshooting guide: https://skinsrestorer.net/docs/troubleshooting
[21:39:41] [Folia Async Scheduler Thread #1/INFO]: [SkinsRestorer] Want to support SkinsRestorer? Consider donating: https://skinsrestorer.net/donate
[21:39:41] [Server thread/INFO]: Preparing start region for dimension minecraft:overworld
[21:39:43] [Server thread/INFO]: Time elapsed: 1365 ms
[21:39:43] [Server thread/INFO]: Preparing start region for dimension minecraft:the_nether
[21:39:43] [Server thread/INFO]: Time elapsed: 214 ms
[21:39:43] [Server thread/INFO]: Preparing start region for dimension minecraft:the_end
[21:39:43] [Server thread/INFO]: Time elapsed: 135 ms
[21:39:43] [Server thread/INFO]: [ViaVersion] Enabling ViaVersion v5.3.2
[21:39:43] [Server thread/INFO]: [ViaVersion] ViaVersion detected server version: 1.21-1.21.1 (767)
[21:39:43] [Server thread/INFO]: [Essentials] Enabling Essentials v2.21.0
[21:39:44] [Server thread/ERROR]: [Essentials] You are running an unsupported server version!
[21:39:45] [Server thread/INFO]: [Essentials] Attempting to convert old kits in config.yml to new kits.yml
[21:39:45] [Server thread/INFO]: [Essentials] No kits found to migrate.
[21:39:45] [Server thread/INFO]: [Essentials] Starting Essentials ban format conversion
[21:39:45] [Server thread/INFO]: [Essentials] Found 1 files to convert...
[21:39:45] [Server thread/INFO]: [Essentials] Converted 0/1
[21:39:45] [Server thread/INFO]: [Essentials] Ban format update complete.
[21:39:45] [Server thread/INFO]: [Essentials] Attempting to migrate ignore list to UUIDs
[21:39:45] [Server thread/INFO]: [Essentials] Done converting ignore list.
[21:39:45] [Server thread/INFO]: [Essentials] Attempting to migrate legacy userdata keys to Configurate
[21:39:45] [Server thread/INFO]: [Essentials] Done converting legacy userdata keys to Configurate.
[21:39:45] [Server thread/INFO]: [Essentials] Done converting mail list.
[21:39:45] [Server thread/INFO]: [Essentials] #===========================================================================#
[21:39:45] [Server thread/INFO]: [Essentials]  EssentialsX will now purge any NPC accounts which were incorrectly created.
[21:39:45] [Server thread/INFO]: [Essentials]  Only NPC accounts with the default starting balance will be deleted. If
[21:39:45] [Server thread/INFO]: [Essentials]  they turn out to be valid NPC accounts, they will be re-created as needed.
[21:39:45] [Server thread/INFO]: [Essentials]  Any files deleted here will be backed up to the 
[21:39:45] [Server thread/INFO]: [Essentials]  "plugins/Essentials/userdata-npc-backup" folder. If you notice any files
[21:39:45] [Server thread/INFO]: [Essentials]  have been purged incorrectly, you should restore it from the backup and
[21:39:45] [Server thread/INFO]: [Essentials]  report it to us on GitHub:
[21:39:45] [Server thread/INFO]: [Essentials]  https://github.com/EssentialsX/Essentials/issues/new/choose
[21:39:45] [Server thread/INFO]: [Essentials] 
[21:39:45] [Server thread/INFO]: [Essentials]  NOTE: This is a one-time process and will take several minutes if you have
[21:39:45] [Server thread/INFO]: [Essentials]  a lot of userdata files! If you interrupt this process, EssentialsX will
[21:39:45] [Server thread/INFO]: [Essentials]  skip the process until you rename or remove the backup folder.
[21:39:45] [Server thread/INFO]: [Essentials] #===========================================================================#
[21:39:45] [Server thread/INFO]: [Essentials] Found ~1 files under "plugins/Essentials/userdata"...
[21:39:45] [Server thread/INFO]: [Essentials] #===========================================================================#
[21:39:45] [Server thread/INFO]: [Essentials]  EssentialsX has finished purging NPC accounts.
[21:39:45] [Server thread/INFO]: [Essentials] 
[21:39:45] [Server thread/INFO]: [Essentials]  Deleted accounts: 0
[21:39:45] [Server thread/INFO]: [Essentials]  Total accounts processed: 1
[21:39:45] [Server thread/INFO]: [Essentials] 
[21:39:45] [Server thread/INFO]: [Essentials]  Purged accounts have been backed up to
[21:39:45] [Server thread/INFO]: [Essentials]  "plugins/Essentials/userdata-npc-backup", and can be restored from there
[21:39:45] [Server thread/INFO]: [Essentials]  if needed. Please report any files which have been incorrectly deleted
[21:39:45] [Server thread/INFO]: [Essentials]  to us on GitHub:
[21:39:45] [Server thread/INFO]: [Essentials]  https://github.com/EssentialsX/Essentials/issues/new/choose
[21:39:45] [Server thread/INFO]: [Essentials] #===========================================================================#
[21:39:45] [Server thread/INFO]: [Essentials] Selected 1.20.4+ Damage Event Provider as the provider for DamageEventProvider
[21:39:45] [Server thread/INFO]: [Essentials] Selected Paper Biome Key Provider as the provider for BiomeKeyProvider
[21:39:45] [Server thread/INFO]: [Essentials] Selected 1.14.4+ Persistent Data Container Provider as the provider for PersistentDataProvider
[21:39:45] [Server thread/INFO]: [Essentials] Selected Paper Known Commands Provider as the provider for KnownCommandsProvider
[21:39:45] [Server thread/INFO]: [Essentials] Selected 1.11+ Item Unbreakable Provider as the provider for ItemUnbreakableProvider
[21:39:45] [Server thread/INFO]: [Essentials] Selected 1.14+ Sign Data Provider as the provider for SignDataProvider
[21:39:45] [Server thread/INFO]: [Essentials] Selected Reflection Formatted Command Alias Provider as the provider for FormattedCommandAliasProvider
[21:39:45] [Server thread/INFO]: [Essentials] Selected Paper Serialization Provider as the provider for SerializationProvider
[21:39:45] [Server thread/INFO]: [Essentials] Selected 1.20.6+ Potion Meta Provider as the provider for PotionMetaProvider
[21:39:45] [Server thread/INFO]: [Essentials] Selected Paper Server State Provider as the provider for ServerStateProvider
[21:39:45] [Server thread/INFO]: [Essentials] Selected Paper Container Provider as the provider for ContainerProvider
[21:39:45] [Server thread/INFO]: [Essentials] Selected 1.20.5+ Banner Data Provider as the provider for BannerDataProvider
[21:39:45] [Server thread/INFO]: [Essentials] Selected 1.12+ Spawner Block Provider as the provider for SpawnerBlockProvider
[21:39:45] [Server thread/INFO]: [Essentials] Selected 1.12.2+ Player Locale Provider as the provider for PlayerLocaleProvider
[21:39:45] [Server thread/INFO]: [Essentials] Selected 1.17.1+ World Info Provider as the provider for WorldInfoProvider
[21:39:45] [Server thread/INFO]: [Essentials] Selected 1.13+ Spawn Egg Provider as the provider for SpawnEggProvider
[21:39:45] [Server thread/INFO]: [Essentials] Selected Reflection Sync Commands Provider as the provider for SyncCommandsProvider
[21:39:45] [Server thread/INFO]: [Essentials] Selected Paper Material Tag Provider as the provider for MaterialTagProvider
[21:39:45] [Server thread/INFO]: [Essentials] Selected 1.8.3+ Spawner Item Provider as the provider for SpawnerItemProvider
[21:39:45] [Server thread/INFO]: [Essentials] Selected Reflection Online Mode Provider as the provider for OnlineModeProvider
[21:39:45] [Server thread/INFO]: [Essentials] Selected Paper Tick Count Provider as the provider for TickCountProvider
[21:39:45] [Server thread/INFO]: [Essentials] Selected 1.21+ InventoryView Interface ABI Provider as the provider for InventoryViewProvider
[21:39:45] [Server thread/INFO]: [Essentials] Loaded 43465 items from items.json.
[21:39:45] [Server thread/INFO]: [Essentials] Using locale en
[21:39:45] [Server thread/INFO]: [Essentials] ServerListPingEvent: Spigot iterator API
[21:39:46] [Server thread/INFO]: [Essentials] Starting Metrics. Opt-out using the global bStats config.
[21:39:46] [Server thread/INFO]: [Essentials] Using superperms-based permissions.
[21:39:46] [Server thread/INFO]: [AuthMe] Enabling AuthMe v5.6.0-bCUSTOM
[21:39:47] [Server thread/INFO]: [AuthMe] SQLite Setup finished
[21:39:47] [Server thread/INFO]: [AuthMe] No supported permissions system found! Permissions are disabled!
[21:39:47] [Server thread/INFO]: [AuthMe] Hooked successfully into Essentials
[21:39:47] [Server thread/INFO]: [AuthMe] Essentials spawn file not found: '/workspaces/Server-/servidor_minecraft/plugins/Essentials/spawn.yml'
[21:39:47] [Server thread/WARN]: [AuthMe] WARNING! The protectInventory feature requires ProtocolLib! Disabling it...
[21:39:48] [Server thread/INFO]: [AuthMe] AuthMe 5.6.0 build n.CUSTOM successfully enabled!
[21:39:48] [Server thread/INFO]: [Geyser-Spigot] Enabling Geyser-Spigot v2.4.4-SNAPSHOT
[21:39:48] [Server thread/INFO]: [spark] Starting background profiler...
[21:39:49] [Server thread/INFO]: [Geyser-Spigot] ******************************************
[21:39:49] [Server thread/INFO]: [Geyser-Spigot] 
[21:39:49] [Server thread/INFO]: [Geyser-Spigot] Loading Geyser version 2.4.4-b705 (git-master-d61ad7b)
[21:39:49] [Server thread/INFO]: [Geyser-Spigot] 
[21:39:49] [Server thread/INFO]: [Geyser-Spigot] ******************************************
[21:39:57] [epollEventLoopGroup-3-1/INFO]: [Geyser-Spigot] Started Geyser on UDP port 19132
[21:39:57] [Server thread/INFO]: [Geyser-Spigot] Done (8.405s)! Run /geyser help for help!
[21:39:58] [ForkJoinPool.commonPool-worker-3/INFO]: [Geyser-Spigot] There's a new Geyser update available to support Bedrock version 1.21.80. Download it here: https://geysermc.org/download
[21:39:58] [Server thread/INFO]: Done preparing level "world" (16.950s)
[21:39:58] [Server thread/INFO]: Running delayed init tasks
[21:39:58] [Craft Scheduler Thread - 2 - ViaVersion/INFO]: [ViaVersion] Finished mapping loading, shutting down loader executor.
[21:39:58] [Craft Scheduler Thread - 4 - AuthMe/INFO]: [AuthMe] Downloading GEO IP database, because the old database is older than 30 days or doesn't exist
[21:39:58] [Craft Scheduler Thread - 4 - AuthMe/WARN]: [AuthMe] No MaxMind credentials found in the configuration file! GeoIp protections will be disabled.
[21:39:58] [Craft Scheduler Thread - 4 - AuthMe/INFO]: [AuthMe] There is no newer GEO IP database uploaded to MaxMind. Using the old one for now.
[21:39:58] [Craft Scheduler Thread - 1 - Essentials/INFO]: [Essentials] Fetching version information...
[21:39:58] [Server thread/INFO]: Done (37.374s)! For help, type "help"
[21:39:58] [Server thread/INFO]: Timings Reset
[21:39:58] [Craft Scheduler Thread - 4 - AuthMe/WARN]: [AuthMe] Could not download GeoLiteAPI database [FileNotFoundException]: plugins/AuthMe/GeoLite2-Country.mmdb (No such file or directory)
[21:40:06] [User Authenticator #0/INFO]: UUID of player Camarc72 is 4bb81de5-9170-3b2b-af15-4edfd7c10264
[21:40:09] [Server thread/INFO]: Camarc72 joined the game
[21:40:09] [Server thread/INFO]: Camarc72[/127.196.93.92:44913] logged in with entity id 87 at ([world]-34.573192699645645, 73.49390748022948, -45.30000001192093)
[21:40:09] [Server thread/WARN]: [Essentials] File motd.txt does not exist. Creating one for you.
[21:40:17] [User Authenticator #0/INFO]: UUID of player Blackdroll is 8bd26874-71bf-372f-95d5-5e8e1e1525fe
[21:40:18] [Server thread/INFO]: Blackdroll joined the game
[21:40:18] [Server thread/INFO]: Blackdroll[/127.116.84.220:33627] logged in with entity id 237 at ([world]-30.5, 72.0, -33.5)
[21:40:19] [Craft Scheduler Thread - 1 - AuthMe/INFO]: [AuthMe] Camarc72 logged in 127.196.93.92
[21:40:24] [Async Chat Thread - #0/INFO]: [Not Secure] <Camarc72> hola
[21:40:35] [Server thread/INFO]: Nothing changed. The player already is an operator
[21:40:48] [Server thread/INFO]: Blackdroll lost connection: Login timeout exceeded, you have been kicked from the server, please try again!
[21:40:48] [Server thread/INFO]: Blackdroll left the game
[21:40:54] [User Authenticator #0/INFO]: UUID of player Blackdroll is 8bd26874-71bf-372f-95d5-5e8e1e1525fe
[21:40:55] [Server thread/INFO]: Blackdroll joined the game
[21:40:55] [Server thread/INFO]: Blackdroll[/127.116.84.220:57725] logged in with entity id 277 at ([world]-30.5, 72.0, -33.5)
[21:40:59] [Server thread/INFO]: Camarc72 issued server command: /gamemode survival
[21:41:13] [Server thread/INFO]: Camarc72 issued server command: /time set day
[21:41:18] [Server thread/INFO]: [AuthMe] Blackdroll registered 127.116.84.220
[21:41:18] [Craft Scheduler Thread - 6 - AuthMe/INFO]: [AuthMe] Blackdroll logged in 127.116.84.220
[21:41:34] [Async Chat Thread - #1/INFO]: [Not Secure] <Camarc72> so ya
[21:41:41] [Async Chat Thread - #1/INFO]: [Not Secure] <Camarc72> si ya me quite el op
[21:41:45] [Async Chat Thread - #1/INFO]: [Not Secure] <Camarc72> xD
[21:41:52] [Async Chat Thread - #1/INFO]: [Not Secure] <Camarc72> espera}
[21:42:31] [Async Chat Thread - #1/INFO]: [Not Secure] <Camarc72> a ok creo que fue porque puse el /set spawn
[21:42:36] [Async Chat Thread - #1/INFO]: [Not Secure] <Camarc72> creo
[21:43:24] [Server thread/INFO]: Unknown or incomplete command, see below for error
hola<--[HERE]
[21:43:25] [Server thread/INFO]: Blackdroll has made the advancement [Stone Age]
[21:43:38] [Async Chat Thread - #3/INFO]: [Not Secure] <Camarc72> se me muere
[21:43:45] [Server thread/INFO]: Camarc72 has made the advancement [Stone Age]
[21:44:02] [Server thread/INFO]: Blackdroll has made the advancement [Getting an Upgrade]
[21:44:10] [Server thread/INFO]: Camarc72 has made the advancement [Getting an Upgrade]
[21:44:20] [Async Chat Thread - #3/INFO]: [Not Secure] <Camarc72> los de bedrock tambien pueden unirse
[21:45:16] [Async Chat Thread - #3/INFO]: [Not Secure] <Camarc72> si el /register
[21:45:29] [Async Chat Thread - #3/INFO]: [Not Secure] <Camarc72> si lo tiene pero tengo que poner un plugin
[21:45:33] [Async Chat Thread - #3/INFO]: [Not Secure] <Camarc72> que vea el coldawn
[21:46:13] [Server thread/INFO]: Camarc72 issued server command: /tp Blackdroll
[21:46:16] [Async Chat Thread - #3/INFO]: [Not Secure] <Camarc72> a
[21:46:24] [Server thread/INFO]: Camarc72 issued server command: /tpa Blackdroll
[21:46:29] [Async Chat Thread - #3/INFO]: [Not Secure] <Camarc72> mandame tp
[21:46:30] [Async Chat Thread - #3/INFO]: [Not Secure] <Camarc72> aver
[21:46:46] [Async Chat Thread - #3/INFO]: [Not Secure] <Camarc72> ta raro tengo que ver eso
[21:46:56] [Server thread/INFO]: Blackdroll issued server command: /tp a camarc72
[21:46:56] [Server thread/INFO]: [Essentials] Blackdroll was denied access to command.
[21:47:05] [Server thread/INFO]: Camarc72 issued server command: /tp Blackdroll
[21:47:45] [Async Chat Thread - #3/INFO]: [Not Secure] <Camarc72> no va tan lag
[21:47:56] [Async Chat Thread - #3/INFO]: [Not Secure] <Camarc72> tiene 16 gb de ram
[21:49:08] [Server thread/INFO]: Camarc72 issued server command: /tp Blackdroll
[21:49:31] [Async Chat Thread - #5/INFO]: [Not Secure] <Camarc72> me los subo a 32
[21:49:44] [Async Chat Thread - #5/INFO]: [Not Secure] <Camarc72> verdad
[21:49:53] [Async Chat Thread - #5/INFO]: [Not Secure] <Camarc72> no el server lo dejo asi en 12
[21:50:26] [Async Chat Thread - #5/INFO]: [Not Secure] <Camarc72> yo a ti te veo normal
[21:50:49] [Async Chat Thread - #5/INFO]: [Not Secure] <Camarc72> tu tas lag?
[21:51:08] [Async Chat Thread - #5/INFO]: [Not Secure] <Camarc72> porque te veo que te mueves con lag xd
[21:51:14] [Server thread/INFO]: Blackdroll has made the advancement [Monster Hunter]
[21:51:24] [Async Chat Thread - #5/INFO]: [Not Secure] <Camarc72> tengo 300ms
[21:51:27] [Async Chat Thread - #5/INFO]: [Not Secure] <Camarc72> y vos 268
[21:51:32] [Async Chat Thread - #5/INFO]: [Not Secure] <Camarc72> mod de feather
[21:51:38] [Server thread/INFO]: Camarc72 issued server command: /tp Blackdroll
[21:51:43] [Async Chat Thread - #5/INFO]: [Not Secure] <Camarc72> es un cliente
[21:52:05] [Async Chat Thread - #5/INFO]: [Not Secure] <Camarc72> porque todo responde normal sin lag
[21:52:29] [Server thread/INFO]: Camarc72 issued server command: /tp Blackdroll
[21:52:52] [Async Chat Thread - #5/INFO]: [Not Secure] <Camarc72> tan raro me deja mandarte tp y aveces no
[21:53:07] [Server thread/INFO]: Camarc72 issued server command: /tp Blackdroll
[21:54:19] [Server thread/INFO]: Camarc72 has made the advancement [Monster Hunter]
[21:56:36] [Server thread/INFO]: Blackdroll has made the advancement [Acquire Hardware]
[21:56:48] [Server thread/INFO]: Blackdroll has made the advancement [Isn't It Iron Pick]
[21:57:24] [Server thread/INFO]: Unknown or incomplete command, see below for error
Camarc72 has made the advancement [Overkill]<--[HERE]
[21:58:03] [Server thread/INFO]: Blackdroll has made the advancement [Suit Up]
[21:59:34] [Async Chat Thread - #7/INFO]: [Not Secure] <Camarc72> xd
[21:59:54] [Async Chat Thread - #7/INFO]: [Not Secure] <Camarc72> buff hace ratos yo tambien no entro al albion
